<?xml version="1.0" encoding="UTF-8"?>
<!-- Generated by org.testng.reporters.JUnitReportReporter -->
<testsuite skipped="0" hostname="DESKTOP-UV19FMF" name="TestNG.program23" tests="1" failures="0" timestamp="17 Mar 2018 13:24:19 GMT" time="0.000" errors="0">
  <testcase name="d" time="0.000" classname="TestNG.program23"/>
</testsuite> <!-- TestNG.program23 -->
