<?xml version="1.0" encoding="UTF-8"?>
<!-- Generated by org.testng.reporters.JUnitReportReporter -->
<testsuite skipped="0" hostname="DESKTOP-UV19FMF" name="TestNG.program22" tests="2" failures="0" timestamp="17 Mar 2018 13:24:19 GMT" time="0.000" errors="0">
  <testcase name="c" time="0.000" classname="TestNG.program22"/>
  <testcase name="b" time="0.000" classname="TestNG.program22"/>
</testsuite> <!-- TestNG.program22 -->
